build/app/outputs/mapping/release/mapping.txt
# compiler: R8
# compiler_version: 1.5.64
# min_api: 16
# pg_map_id: f2fd1eb
com.miraybasaran9803gmail.automatic_sms.MainActivity -> com.miraybasaran9803gmail.automatic_sms.MainActivity:
    void configureFlutterEngine(io.flutter.embedding.engine.FlutterEngine) -> a
...
io.flutter.embedding.android.FlutterActivityAndFragmentDelegate$Host -> c.a.b.a.e$c:
    void configureFlutterEngine(io.flutter.embedding.engine.FlutterEngine) -> a
    void onFlutterUiDisplayed() -> a
    io.flutter.embedding.engine.FlutterEngine provideFlutterEngine(android.content.Context) -> a
    io.flutter.plugin.platform.PlatformPlugin providePlatformPlugin(android.app.Activity,io.flutter.embedding.engine.FlutterEngine) -> a
    void cleanUpFlutterEngine(io.flutter.embedding.engine.FlutterEngine) -> b
    void onFlutterUiNoLongerDisplayed() -> b
    android.app.Activity getActivity() -> c
    androidx.lifecycle.Lifecycle getLifecycle() -> d
    java.lang.String getInitialRoute() -> e
    io.flutter.embedding.android.FlutterView$TransparencyMode getTransparencyMode() -> f
    io.flutter.embedding.engine.FlutterShellArgs getFlutterShellArgs() -> g
    java.lang.String getCachedEngineId() -> h
    java.lang.String getAppBundlePath() -> i
    java.lang.String getDartEntrypointFunctionName() -> j
    boolean shouldAttachEngineToActivity() -> k
    io.flutter.embedding.android.FlutterView$RenderMode getRenderMode() -> l
    boolean shouldDestroyEngineWithHost() -> m
    io.flutter.embedding.android.SplashScreen provideSplashScreen() -> n
    android.content.Context getContext() -> o
io.flutter.embedding.android.FlutterActivityLaunchConfigs$BackgroundMode -> c.a.b.a.f:
    io.flutter.embedding.android.FlutterActivityLaunchConfigs$BackgroundMode opaque -> a
    io.flutter.embedding.android.FlutterActivityLaunchConfigs$BackgroundMode transparent -> b
    io.flutter.embedding.android.FlutterActivityLaunchConfigs$BackgroundMode[] $VALUES -> c
io.flutter.embedding.android.FlutterEngineConfigurator -> c.a.b.a.g:
io.flutter.embedding.android.FlutterEngineProvider -> c.a.b.a.h:
io.flutter.embedding.android.FlutterSplashView -> c.a.b.a.i:
    io.flutter.embedding.android.SplashScreen splashScreen -> a
    java.lang.String previousCompletedSplashIsolate -> f
    io.flutter.embedding.engine.renderer.FlutterUiDisplayListener flutterUiDisplayListener -> h
    java.lang.Runnable onTransitionComplete -> i
    java.lang.String TAG -> j
    io.flutter.embedding.android.FlutterView flutterView -> b
    android.os.Bundle splashScreenState -> d
    io.flutter.embedding.android.FlutterView$FlutterEngineAttachmentListener flutterEngineAttachmentListener -> g
    android.view.View splashScreenView -> c
    java.lang.String transitioningIsolateId -> e
    io.flutter.embedding.android.FlutterView access$000(io.flutter.embedding.android.FlutterSplashView) -> a
    java.lang.String access$402(io.flutter.embedding.android.FlutterSplashView,java.lang.String) -> a
    void displayFlutterViewWithSplash(io.flutter.embedding.android.FlutterView,io.flutter.embedding.android.SplashScreen) -> a
    boolean hasSplashCompleted() -> a
    io.flutter.embedding.android.SplashScreen access$100(io.flutter.embedding.android.FlutterSplashView) -> b
    boolean isSplashScreenNeededNow() -> b
    void access$200(io.flutter.embedding.android.FlutterSplashView) -> c
    boolean isSplashScreenTransitionNeededNow() -> c
    android.view.View access$300(io.flutter.embedding.android.FlutterSplashView) -> d
    void transitionToFlutter() -> d
io.flutter.embedding.android.FlutterSplashView$1 -> c.a.b.a.i$a:
    io.flutter.embedding.android.FlutterSplashView this$0 -> a
    void onFlutterEngineAttachedToFlutterView(io.flutter.embedding.engine.FlutterEngine) -> a
    void onFlutterEngineDetachedFromFlutterView() -> a
io.flutter.embedding.android.FlutterSplashView$2 -> c.a.b.a.i$b:
    io.flutter.embedding.android.FlutterSplashView this$0 -> a
    void onFlutterUiDisplayed() -> a
    void onFlutterUiNoLongerDisplayed() -> b
io.flutter.embedding.android.FlutterSplashView$3 -> c.a.b.a.i$c:
    io.flutter.embedding.android.FlutterSplashView this$0 -> a